{"C:\\Users\\Auriol\\Documents\\GitHub\\Geosoft2021\\lecture 10\\u-testing4app\\keys.js": {"path":"C:\\Users\\Auriol\\Documents\\GitHub\\Geosoft2021\\lecture 10\\u-testing4app\\keys.js","statementMap":{"0":{"start":{"line":1,"column":18},"end":{"line":1,"column":110}},"1":{"start":{"line":3,"column":19},"end":{"line":3,"column":64}},"2":{"start":{"line":5,"column":0},"end":{"line":9,"column":1}}},"fnMap":{},"branchMap":{},"s":{"0":1,"1":1,"2":1},"f":{},"b":{},"_coverageSchema":"1a1c01bbd47fc00a2c39e90264f33305004495a9","hash":"20020334e52de716e19551359eeb9018c31d5a71"}
}
